[12-Jun-2026 11:21:45 UTC] WordPress database error Table 'wp_e_events' already exists for query CREATE TABLE `wp_e_events` (
			id bigint(20) unsigned auto_increment primary key,
			event_data text null,
			created_at datetime not null
		) DEFAULT CHARACTER SET utf8mb4 COLLATE utf8mb4_unicode_520_ci; made by require_once('wp-admin/admin.php'), require_once('wp-load.php'), require_once('wp-config.php'), require_once('wp-settings.php'), do_action('init'), WP_Hook->do_action, WP_Hook->apply_filters, Elementor\Plugin->init, Elementor\Plugin->init_components, Elementor\Core\Admin\Admin->__construct, Elementor\Plugin->init_common, Elementor\Core\Common\App->init_components, Elementor\Core\Common\Modules\EventTracker\Module->__construct, Elementor\Core\Common\Modules\EventTracker\DB->__construct, Elementor\Core\Common\Modules\EventTracker\DB->create_table
[12-Jun-2026 11:21:45 UTC] WordPress database error Duplicate key name 'created_at_index' for query ALTER TABLE wp_e_events
    		ADD INDEX `created_at_index` (`created_at`)
		 made by require_once('wp-admin/admin.php'), require_once('wp-load.php'), require_once('wp-config.php'), require_once('wp-settings.php'), do_action('init'), WP_Hook->do_action, WP_Hook->apply_filters, Elementor\Plugin->init, Elementor\Plugin->init_components, Elementor\Core\Admin\Admin->__construct, Elementor\Plugin->init_common, Elementor\Core\Common\App->init_components, Elementor\Core\Common\Modules\EventTracker\Module->__construct, Elementor\Core\Common\Modules\EventTracker\DB->__construct, Elementor\Core\Common\Modules\EventTracker\DB->add_indexes
[12-Jun-2026 11:30:49 UTC] WordPress database error Table 'local.wp_ea11y_page_scanned' doesn't exist for query SELECT * FROM wp_ea11y_page_scanned  WHERE 1 ORDER BY created_at desc LIMIT 1000 made by wp_dashboard, do_meta_boxes, EA11y\Modules\Dashboard\Widgets\Ally_Dashboard_Widget::ally_widget_render, EA11y\Modules\Scanner\Classes\Utils::get_scanner_stats, EA11y\Modules\Remediation\Database\Page_Entry::get_pages, EA11y\Classes\Database\Table::select
[12-Jun-2026 11:39:09 UTC] WordPress database error Table 'local.wp_ea11y_page_scanned' doesn't exist for query SELECT * FROM wp_ea11y_page_scanned  WHERE 1 ORDER BY created_at desc LIMIT 1000 made by wp_dashboard, do_meta_boxes, EA11y\Modules\Dashboard\Widgets\Ally_Dashboard_Widget::ally_widget_render, EA11y\Modules\Scanner\Classes\Utils::get_scanner_stats, EA11y\Modules\Remediation\Database\Page_Entry::get_pages, EA11y\Classes\Database\Table::select
[12-Jun-2026 11:39:44 UTC] WordPress database error Table 'local.wp_ea11y_page_scanned' doesn't exist for query SELECT * FROM wp_ea11y_page_scanned  WHERE 1 ORDER BY created_at desc LIMIT 1000 made by wp_dashboard, do_meta_boxes, EA11y\Modules\Dashboard\Widgets\Ally_Dashboard_Widget::ally_widget_render, EA11y\Modules\Scanner\Classes\Utils::get_scanner_stats, EA11y\Modules\Remediation\Database\Page_Entry::get_pages, EA11y\Classes\Database\Table::select
[12-Jun-2026 12:02:43 UTC] PHP Warning:  Undefined array key "included_types" in C:\Users\Dino\Local Sites\bail\app\public\wp-content\plugins\elementor\modules\wp-rest\classes\post-query.php on line 221
[12-Jun-2026 12:02:44 UTC] PHP Warning:  Undefined array key "included_types" in C:\Users\Dino\Local Sites\bail\app\public\wp-content\plugins\elementor\modules\wp-rest\classes\post-query.php on line 221
[12-Jun-2026 12:05:27 UTC] WordPress database error Table 'local.wp_ea11y_page_scanned' doesn't exist for query SELECT * FROM wp_ea11y_page_scanned  WHERE 1 ORDER BY created_at desc LIMIT 1000 made by wp_dashboard, do_meta_boxes, EA11y\Modules\Dashboard\Widgets\Ally_Dashboard_Widget::ally_widget_render, EA11y\Modules\Scanner\Classes\Utils::get_scanner_stats, EA11y\Modules\Remediation\Database\Page_Entry::get_pages, EA11y\Classes\Database\Table::select
[12-Jun-2026 12:06:32 UTC] PHP Warning:  Undefined array key "included_types" in C:\Users\Dino\Local Sites\bail\app\public\wp-content\plugins\elementor\modules\wp-rest\classes\post-query.php on line 221
[12-Jun-2026 12:13:02 UTC] WordPress database error Table 'local.wp_ea11y_page_scanned' doesn't exist for query SELECT * FROM wp_ea11y_page_scanned  WHERE 1 ORDER BY created_at desc LIMIT 1000 made by wp_dashboard, do_meta_boxes, EA11y\Modules\Dashboard\Widgets\Ally_Dashboard_Widget::ally_widget_render, EA11y\Modules\Scanner\Classes\Utils::get_scanner_stats, EA11y\Modules\Remediation\Database\Page_Entry::get_pages, EA11y\Classes\Database\Table::select
[12-Jun-2026 12:17:14 UTC] PHP Fatal error:  Uncaught Error: Object of class WP_Error could not be converted to string in C:\Users\Dino\Local Sites\bail\app\public\wp-includes\formatting.php:1128
Stack trace:
#0 C:\Users\Dino\Local Sites\bail\app\public\wp-includes\formatting.php(4681): wp_check_invalid_utf8(Object(WP_Error))
#1 C:\Users\Dino\Local Sites\bail\app\public\wp-content\plugins\elementor\app\modules\kit-library\data\repository.php(135): esc_html(Object(WP_Error))
#2 C:\Users\Dino\Local Sites\bail\app\public\wp-content\plugins\elementor\app\modules\kit-library\data\kits\endpoints\download-link.php(31): Elementor\App\Modules\KitLibrary\Data\Repository->get_download_link('630c855f9425ad0...')
#3 C:\Users\Dino\Local Sites\bail\app\public\wp-content\plugins\elementor\data\v2\base\base-route.php(322): Elementor\App\Modules\KitLibrary\Data\Kits\Endpoints\Download_Link->get_item('630c855f9425ad0...', Object(WP_REST_Request))
#4 C:\Users\Dino\Local Sites\bail\app\public\wp-content\plugins\elementor\data\v2\base\base-route.php(233): Elementor\Data\V2\Base\Base_Route->base_callback('GET', Object(WP_REST_Request), false)
#5 C:\Users\Dino\Local Sites\bail\app\public\wp-includes\rest-api\class-wp-rest-server.php(1287): Elementor\Data\V2\Base\Base_Route->Elementor\Data\V2\Base\{closure}(Object(WP_REST_Request))
#6 C:\Users\Dino\Local Sites\bail\app\public\wp-includes\rest-api\class-wp-rest-server.php(1120): WP_REST_Server->respond_to_request(Object(WP_REST_Request), '/elementor/v1/k...', Array, NULL)
#7 C:\Users\Dino\Local Sites\bail\app\public\wp-includes\rest-api\class-wp-rest-server.php(435): WP_REST_Server->dispatch(Object(WP_REST_Request))
#8 C:\Users\Dino\Local Sites\bail\app\public\wp-includes\rest-api.php(471): WP_REST_Server->serve_request('/elementor/v1/k...')
#9 C:\Users\Dino\Local Sites\bail\app\public\wp-includes\class-wp-hook.php(341): rest_api_loaded(Object(WP))
#10 C:\Users\Dino\Local Sites\bail\app\public\wp-includes\class-wp-hook.php(365): WP_Hook->apply_filters('', Array)
#11 C:\Users\Dino\Local Sites\bail\app\public\wp-includes\plugin.php(570): WP_Hook->do_action(Array)
#12 C:\Users\Dino\Local Sites\bail\app\public\wp-includes\class-wp.php(418): do_action_ref_array('parse_request', Array)
#13 C:\Users\Dino\Local Sites\bail\app\public\wp-includes\class-wp.php(821): WP->parse_request('')
#14 C:\Users\Dino\Local Sites\bail\app\public\wp-includes\functions.php(1343): WP->main('')
#15 C:\Users\Dino\Local Sites\bail\app\public\wp-blog-header.php(16): wp()
#16 C:\Users\Dino\Local Sites\bail\app\public\index.php(17): require('C:\\Users\\Dino\\L...')
#17 {main}
  thrown in C:\Users\Dino\Local Sites\bail\app\public\wp-includes\formatting.php on line 1128
[12-Jun-2026 12:17:21 UTC] PHP Fatal error:  Uncaught Error: Object of class WP_Error could not be converted to string in C:\Users\Dino\Local Sites\bail\app\public\wp-includes\formatting.php:1128
Stack trace:
#0 C:\Users\Dino\Local Sites\bail\app\public\wp-includes\formatting.php(4681): wp_check_invalid_utf8(Object(WP_Error))
#1 C:\Users\Dino\Local Sites\bail\app\public\wp-content\plugins\elementor\app\modules\kit-library\data\repository.php(135): esc_html(Object(WP_Error))
#2 C:\Users\Dino\Local Sites\bail\app\public\wp-content\plugins\elementor\app\modules\kit-library\data\kits\endpoints\download-link.php(31): Elementor\App\Modules\KitLibrary\Data\Repository->get_download_link('630c855f9425ad0...')
#3 C:\Users\Dino\Local Sites\bail\app\public\wp-content\plugins\elementor\data\v2\base\base-route.php(322): Elementor\App\Modules\KitLibrary\Data\Kits\Endpoints\Download_Link->get_item('630c855f9425ad0...', Object(WP_REST_Request))
#4 C:\Users\Dino\Local Sites\bail\app\public\wp-content\plugins\elementor\data\v2\base\base-route.php(233): Elementor\Data\V2\Base\Base_Route->base_callback('GET', Object(WP_REST_Request), false)
#5 C:\Users\Dino\Local Sites\bail\app\public\wp-includes\rest-api\class-wp-rest-server.php(1287): Elementor\Data\V2\Base\Base_Route->Elementor\Data\V2\Base\{closure}(Object(WP_REST_Request))
#6 C:\Users\Dino\Local Sites\bail\app\public\wp-includes\rest-api\class-wp-rest-server.php(1120): WP_REST_Server->respond_to_request(Object(WP_REST_Request), '/elementor/v1/k...', Array, NULL)
#7 C:\Users\Dino\Local Sites\bail\app\public\wp-includes\rest-api\class-wp-rest-server.php(435): WP_REST_Server->dispatch(Object(WP_REST_Request))
#8 C:\Users\Dino\Local Sites\bail\app\public\wp-includes\rest-api.php(471): WP_REST_Server->serve_request('/elementor/v1/k...')
#9 C:\Users\Dino\Local Sites\bail\app\public\wp-includes\class-wp-hook.php(341): rest_api_loaded(Object(WP))
#10 C:\Users\Dino\Local Sites\bail\app\public\wp-includes\class-wp-hook.php(365): WP_Hook->apply_filters('', Array)
#11 C:\Users\Dino\Local Sites\bail\app\public\wp-includes\plugin.php(570): WP_Hook->do_action(Array)
#12 C:\Users\Dino\Local Sites\bail\app\public\wp-includes\class-wp.php(418): do_action_ref_array('parse_request', Array)
#13 C:\Users\Dino\Local Sites\bail\app\public\wp-includes\class-wp.php(821): WP->parse_request('')
#14 C:\Users\Dino\Local Sites\bail\app\public\wp-includes\functions.php(1343): WP->main('')
#15 C:\Users\Dino\Local Sites\bail\app\public\wp-blog-header.php(16): wp()
#16 C:\Users\Dino\Local Sites\bail\app\public\index.php(17): require('C:\\Users\\Dino\\L...')
#17 {main}
  thrown in C:\Users\Dino\Local Sites\bail\app\public\wp-includes\formatting.php on line 1128
[12-Jun-2026 12:18:22 UTC] PHP Fatal error:  Uncaught Error: Object of class WP_Error could not be converted to string in C:\Users\Dino\Local Sites\bail\app\public\wp-includes\formatting.php:1128
Stack trace:
#0 C:\Users\Dino\Local Sites\bail\app\public\wp-includes\formatting.php(4681): wp_check_invalid_utf8(Object(WP_Error))
#1 C:\Users\Dino\Local Sites\bail\app\public\wp-content\plugins\elementor\app\modules\kit-library\data\repository.php(135): esc_html(Object(WP_Error))
#2 C:\Users\Dino\Local Sites\bail\app\public\wp-content\plugins\elementor\app\modules\kit-library\data\kits\endpoints\download-link.php(31): Elementor\App\Modules\KitLibrary\Data\Repository->get_download_link('674c35edc60a404...')
#3 C:\Users\Dino\Local Sites\bail\app\public\wp-content\plugins\elementor\data\v2\base\base-route.php(322): Elementor\App\Modules\KitLibrary\Data\Kits\Endpoints\Download_Link->get_item('674c35edc60a404...', Object(WP_REST_Request))
#4 C:\Users\Dino\Local Sites\bail\app\public\wp-content\plugins\elementor\data\v2\base\base-route.php(233): Elementor\Data\V2\Base\Base_Route->base_callback('GET', Object(WP_REST_Request), false)
#5 C:\Users\Dino\Local Sites\bail\app\public\wp-includes\rest-api\class-wp-rest-server.php(1287): Elementor\Data\V2\Base\Base_Route->Elementor\Data\V2\Base\{closure}(Object(WP_REST_Request))
#6 C:\Users\Dino\Local Sites\bail\app\public\wp-includes\rest-api\class-wp-rest-server.php(1120): WP_REST_Server->respond_to_request(Object(WP_REST_Request), '/elementor/v1/k...', Array, NULL)
#7 C:\Users\Dino\Local Sites\bail\app\public\wp-includes\rest-api\class-wp-rest-server.php(435): WP_REST_Server->dispatch(Object(WP_REST_Request))
#8 C:\Users\Dino\Local Sites\bail\app\public\wp-includes\rest-api.php(471): WP_REST_Server->serve_request('/elementor/v1/k...')
#9 C:\Users\Dino\Local Sites\bail\app\public\wp-includes\class-wp-hook.php(341): rest_api_loaded(Object(WP))
#10 C:\Users\Dino\Local Sites\bail\app\public\wp-includes\class-wp-hook.php(365): WP_Hook->apply_filters('', Array)
#11 C:\Users\Dino\Local Sites\bail\app\public\wp-includes\plugin.php(570): WP_Hook->do_action(Array)
#12 C:\Users\Dino\Local Sites\bail\app\public\wp-includes\class-wp.php(418): do_action_ref_array('parse_request', Array)
#13 C:\Users\Dino\Local Sites\bail\app\public\wp-includes\class-wp.php(821): WP->parse_request('')
#14 C:\Users\Dino\Local Sites\bail\app\public\wp-includes\functions.php(1343): WP->main('')
#15 C:\Users\Dino\Local Sites\bail\app\public\wp-blog-header.php(16): wp()
#16 C:\Users\Dino\Local Sites\bail\app\public\index.php(17): require('C:\\Users\\Dino\\L...')
#17 {main}
  thrown in C:\Users\Dino\Local Sites\bail\app\public\wp-includes\formatting.php on line 1128
[12-Jun-2026 12:49:53 UTC] WordPress database error Table 'local.wp_ea11y_page_scanned' doesn't exist for query SELECT * FROM wp_ea11y_page_scanned  WHERE 1 ORDER BY created_at desc LIMIT 1000 made by wp_dashboard, do_meta_boxes, EA11y\Modules\Dashboard\Widgets\Ally_Dashboard_Widget::ally_widget_render, EA11y\Modules\Scanner\Classes\Utils::get_scanner_stats, EA11y\Modules\Remediation\Database\Page_Entry::get_pages, EA11y\Classes\Database\Table::select
[12-Jun-2026 12:50:45 UTC] WordPress database error Table 'local.wp_ea11y_page_scanned' doesn't exist for query SELECT * FROM wp_ea11y_page_scanned  WHERE 1 ORDER BY created_at desc LIMIT 1000 made by wp_dashboard, do_meta_boxes, EA11y\Modules\Dashboard\Widgets\Ally_Dashboard_Widget::ally_widget_render, EA11y\Modules\Scanner\Classes\Utils::get_scanner_stats, EA11y\Modules\Remediation\Database\Page_Entry::get_pages, EA11y\Classes\Database\Table::select
[16-Jun-2026 05:24:04 UTC] WordPress database error Table 'local.wp_ea11y_page_scanned' doesn't exist for query SELECT * FROM wp_ea11y_page_scanned  WHERE 1 ORDER BY created_at desc LIMIT 1000 made by wp_dashboard, do_meta_boxes, EA11y\Modules\Dashboard\Widgets\Ally_Dashboard_Widget::ally_widget_render, EA11y\Modules\Scanner\Classes\Utils::get_scanner_stats, EA11y\Modules\Remediation\Database\Page_Entry::get_pages, EA11y\Classes\Database\Table::select
[16-Jun-2026 05:25:38 UTC] WordPress database error Table 'local.wp_ea11y_page_scanned' doesn't exist for query SELECT * FROM wp_ea11y_page_scanned  WHERE 1 ORDER BY created_at desc LIMIT 1000 made by wp_dashboard, do_meta_boxes, EA11y\Modules\Dashboard\Widgets\Ally_Dashboard_Widget::ally_widget_render, EA11y\Modules\Scanner\Classes\Utils::get_scanner_stats, EA11y\Modules\Remediation\Database\Page_Entry::get_pages, EA11y\Classes\Database\Table::select
[16-Jun-2026 05:40:24 UTC] WordPress database error Table 'local.wp_ea11y_page_scanned' doesn't exist for query SELECT * FROM wp_ea11y_page_scanned  WHERE 1 ORDER BY created_at desc LIMIT 1000 made by wp_dashboard, do_meta_boxes, EA11y\Modules\Dashboard\Widgets\Ally_Dashboard_Widget::ally_widget_render, EA11y\Modules\Scanner\Classes\Utils::get_scanner_stats, EA11y\Modules\Remediation\Database\Page_Entry::get_pages, EA11y\Classes\Database\Table::select
[16-Jun-2026 07:55:07 UTC] WordPress database error Table 'local.wp_ea11y_page_scanned' doesn't exist for query SELECT * FROM wp_ea11y_page_scanned  WHERE 1 ORDER BY created_at desc LIMIT 1000 made by wp_dashboard, do_meta_boxes, EA11y\Modules\Dashboard\Widgets\Ally_Dashboard_Widget::ally_widget_render, EA11y\Modules\Scanner\Classes\Utils::get_scanner_stats, EA11y\Modules\Remediation\Database\Page_Entry::get_pages, EA11y\Classes\Database\Table::select
[16-Jun-2026 08:29:57 UTC] WordPress database error Table 'local.wp_ea11y_page_scanned' doesn't exist for query SELECT * FROM wp_ea11y_page_scanned  WHERE 1 ORDER BY created_at desc LIMIT 1000 made by wp_dashboard, do_meta_boxes, EA11y\Modules\Dashboard\Widgets\Ally_Dashboard_Widget::ally_widget_render, EA11y\Modules\Scanner\Classes\Utils::get_scanner_stats, EA11y\Modules\Remediation\Database\Page_Entry::get_pages, EA11y\Classes\Database\Table::select
[16-Jun-2026 11:15:42 UTC] WordPress database error Table 'local.wp_ea11y_page_scanned' doesn't exist for query SELECT * FROM wp_ea11y_page_scanned  WHERE 1 ORDER BY created_at desc LIMIT 1000 made by wp_dashboard, do_meta_boxes, EA11y\Modules\Dashboard\Widgets\Ally_Dashboard_Widget::ally_widget_render, EA11y\Modules\Scanner\Classes\Utils::get_scanner_stats, EA11y\Modules\Remediation\Database\Page_Entry::get_pages, EA11y\Classes\Database\Table::select
[16-Jun-2026 11:46:00 UTC] PHP Warning:  Undefined array key "editor_post_id" in C:\Users\Dino\Local Sites\bail\app\public\wp-content\plugins\elementor\modules\history\revisions-manager.php on line 363
[16-Jun-2026 11:52:52 UTC] WordPress database error Table 'local.wp_ea11y_page_scanned' doesn't exist for query SELECT * FROM wp_ea11y_page_scanned  WHERE 1 ORDER BY created_at desc LIMIT 1000 made by wp_dashboard, do_meta_boxes, EA11y\Modules\Dashboard\Widgets\Ally_Dashboard_Widget::ally_widget_render, EA11y\Modules\Scanner\Classes\Utils::get_scanner_stats, EA11y\Modules\Remediation\Database\Page_Entry::get_pages, EA11y\Classes\Database\Table::select
[16-Jun-2026 11:59:07 UTC] WordPress database error Table 'local.wp_ea11y_page_scanned' doesn't exist for query SELECT * FROM wp_ea11y_page_scanned  WHERE 1 ORDER BY created_at desc LIMIT 1000 made by wp_dashboard, do_meta_boxes, EA11y\Modules\Dashboard\Widgets\Ally_Dashboard_Widget::ally_widget_render, EA11y\Modules\Scanner\Classes\Utils::get_scanner_stats, EA11y\Modules\Remediation\Database\Page_Entry::get_pages, EA11y\Classes\Database\Table::select
[16-Jun-2026 12:04:47 UTC] WordPress database error Table 'local.wp_ea11y_page_scanned' doesn't exist for query SELECT * FROM wp_ea11y_page_scanned  WHERE 1 ORDER BY created_at desc LIMIT 1000 made by wp_dashboard, do_meta_boxes, EA11y\Modules\Dashboard\Widgets\Ally_Dashboard_Widget::ally_widget_render, EA11y\Modules\Scanner\Classes\Utils::get_scanner_stats, EA11y\Modules\Remediation\Database\Page_Entry::get_pages, EA11y\Classes\Database\Table::select
[16-Jun-2026 12:11:05 UTC] WordPress database error Table 'local.wp_ea11y_page_scanned' doesn't exist for query SELECT * FROM wp_ea11y_page_scanned  WHERE 1 ORDER BY created_at desc LIMIT 1000 made by wp_dashboard, do_meta_boxes, EA11y\Modules\Dashboard\Widgets\Ally_Dashboard_Widget::ally_widget_render, EA11y\Modules\Scanner\Classes\Utils::get_scanner_stats, EA11y\Modules\Remediation\Database\Page_Entry::get_pages, EA11y\Classes\Database\Table::select
[16-Jun-2026 12:40:16 UTC] WordPress database error Table 'local.wp_ea11y_page_scanned' doesn't exist for query SELECT * FROM wp_ea11y_page_scanned  WHERE 1 ORDER BY created_at desc LIMIT 1000 made by wp_dashboard, do_meta_boxes, EA11y\Modules\Dashboard\Widgets\Ally_Dashboard_Widget::ally_widget_render, EA11y\Modules\Scanner\Classes\Utils::get_scanner_stats, EA11y\Modules\Remediation\Database\Page_Entry::get_pages, EA11y\Classes\Database\Table::select
[16-Jun-2026 12:41:30 UTC] WordPress database error Table 'local.wp_ea11y_page_scanned' doesn't exist for query SELECT * FROM wp_ea11y_page_scanned  WHERE 1 ORDER BY created_at desc LIMIT 1000 made by wp_dashboard, do_meta_boxes, EA11y\Modules\Dashboard\Widgets\Ally_Dashboard_Widget::ally_widget_render, EA11y\Modules\Scanner\Classes\Utils::get_scanner_stats, EA11y\Modules\Remediation\Database\Page_Entry::get_pages, EA11y\Classes\Database\Table::select
[16-Jun-2026 12:43:56 UTC] WordPress database error Table 'local.wp_ea11y_page_scanned' doesn't exist for query SELECT * FROM wp_ea11y_page_scanned  WHERE 1 ORDER BY created_at desc LIMIT 1000 made by wp_dashboard, do_meta_boxes, EA11y\Modules\Dashboard\Widgets\Ally_Dashboard_Widget::ally_widget_render, EA11y\Modules\Scanner\Classes\Utils::get_scanner_stats, EA11y\Modules\Remediation\Database\Page_Entry::get_pages, EA11y\Classes\Database\Table::select
[16-Jun-2026 13:11:33 UTC] WordPress database error Table 'local.wp_ea11y_page_scanned' doesn't exist for query SELECT * FROM wp_ea11y_page_scanned  WHERE 1 ORDER BY created_at desc LIMIT 1000 made by wp_dashboard, do_meta_boxes, EA11y\Modules\Dashboard\Widgets\Ally_Dashboard_Widget::ally_widget_render, EA11y\Modules\Scanner\Classes\Utils::get_scanner_stats, EA11y\Modules\Remediation\Database\Page_Entry::get_pages, EA11y\Classes\Database\Table::select
[16-Jun-2026 13:14:00 UTC] WordPress database error Table 'local.wp_ea11y_page_scanned' doesn't exist for query SELECT * FROM wp_ea11y_page_scanned  WHERE 1 ORDER BY created_at desc LIMIT 1000 made by wp_dashboard, do_meta_boxes, EA11y\Modules\Dashboard\Widgets\Ally_Dashboard_Widget::ally_widget_render, EA11y\Modules\Scanner\Classes\Utils::get_scanner_stats, EA11y\Modules\Remediation\Database\Page_Entry::get_pages, EA11y\Classes\Database\Table::select
[16-Jun-2026 13:17:45 UTC] WordPress database error Table 'local.wp_ea11y_page_scanned' doesn't exist for query SELECT * FROM wp_ea11y_page_scanned  WHERE 1 ORDER BY created_at desc LIMIT 1000 made by wp_dashboard, do_meta_boxes, EA11y\Modules\Dashboard\Widgets\Ally_Dashboard_Widget::ally_widget_render, EA11y\Modules\Scanner\Classes\Utils::get_scanner_stats, EA11y\Modules\Remediation\Database\Page_Entry::get_pages, EA11y\Classes\Database\Table::select
[16-Jun-2026 13:32:29 UTC] WordPress database error Table 'local.wp_ea11y_page_scanned' doesn't exist for query SELECT * FROM wp_ea11y_page_scanned  WHERE 1 ORDER BY created_at desc LIMIT 1000 made by wp_dashboard, do_meta_boxes, EA11y\Modules\Dashboard\Widgets\Ally_Dashboard_Widget::ally_widget_render, EA11y\Modules\Scanner\Classes\Utils::get_scanner_stats, EA11y\Modules\Remediation\Database\Page_Entry::get_pages, EA11y\Classes\Database\Table::select
[16-Jun-2026 13:35:26 UTC] Invalid url passed to get_utm_ready_link function
[17-Jun-2026 06:44:03 UTC] WordPress database error Table 'local.wp_ea11y_page_scanned' doesn't exist for query SELECT * FROM wp_ea11y_page_scanned  WHERE 1 ORDER BY created_at desc LIMIT 1000 made by wp_dashboard, do_meta_boxes, EA11y\Modules\Dashboard\Widgets\Ally_Dashboard_Widget::ally_widget_render, EA11y\Modules\Scanner\Classes\Utils::get_scanner_stats, EA11y\Modules\Remediation\Database\Page_Entry::get_pages, EA11y\Classes\Database\Table::select
[17-Jun-2026 06:58:07 UTC] WordPress database error Table 'local.wp_ea11y_page_scanned' doesn't exist for query SELECT * FROM wp_ea11y_page_scanned  WHERE 1 ORDER BY created_at desc LIMIT 1000 made by wp_dashboard, do_meta_boxes, EA11y\Modules\Dashboard\Widgets\Ally_Dashboard_Widget::ally_widget_render, EA11y\Modules\Scanner\Classes\Utils::get_scanner_stats, EA11y\Modules\Remediation\Database\Page_Entry::get_pages, EA11y\Classes\Database\Table::select
[17-Jun-2026 07:01:22 UTC] WordPress database error Table 'local.wp_ea11y_page_scanned' doesn't exist for query SELECT * FROM wp_ea11y_page_scanned  WHERE 1 ORDER BY created_at desc LIMIT 1000 made by wp_dashboard, do_meta_boxes, EA11y\Modules\Dashboard\Widgets\Ally_Dashboard_Widget::ally_widget_render, EA11y\Modules\Scanner\Classes\Utils::get_scanner_stats, EA11y\Modules\Remediation\Database\Page_Entry::get_pages, EA11y\Classes\Database\Table::select
[17-Jun-2026 07:03:15 UTC] WordPress database error Table 'local.wp_ea11y_page_scanned' doesn't exist for query SELECT * FROM wp_ea11y_page_scanned  WHERE 1 ORDER BY created_at desc LIMIT 1000 made by wp_dashboard, do_meta_boxes, EA11y\Modules\Dashboard\Widgets\Ally_Dashboard_Widget::ally_widget_render, EA11y\Modules\Scanner\Classes\Utils::get_scanner_stats, EA11y\Modules\Remediation\Database\Page_Entry::get_pages, EA11y\Classes\Database\Table::select
[17-Jun-2026 07:05:33 UTC] WordPress database error Table 'local.wp_ea11y_page_scanned' doesn't exist for query SELECT * FROM wp_ea11y_page_scanned  WHERE 1 ORDER BY created_at desc LIMIT 1000 made by wp_dashboard, do_meta_boxes, EA11y\Modules\Dashboard\Widgets\Ally_Dashboard_Widget::ally_widget_render, EA11y\Modules\Scanner\Classes\Utils::get_scanner_stats, EA11y\Modules\Remediation\Database\Page_Entry::get_pages, EA11y\Classes\Database\Table::select
[17-Jun-2026 07:10:37 UTC] WordPress database error Table 'local.wp_ea11y_page_scanned' doesn't exist for query SELECT * FROM wp_ea11y_page_scanned  WHERE 1 ORDER BY created_at desc LIMIT 1000 made by wp_dashboard, do_meta_boxes, EA11y\Modules\Dashboard\Widgets\Ally_Dashboard_Widget::ally_widget_render, EA11y\Modules\Scanner\Classes\Utils::get_scanner_stats, EA11y\Modules\Remediation\Database\Page_Entry::get_pages, EA11y\Classes\Database\Table::select
[17-Jun-2026 07:13:37 UTC] WordPress database error Table 'local.wp_ea11y_page_scanned' doesn't exist for query SELECT * FROM wp_ea11y_page_scanned  WHERE 1 ORDER BY created_at desc LIMIT 1000 made by wp_dashboard, do_meta_boxes, EA11y\Modules\Dashboard\Widgets\Ally_Dashboard_Widget::ally_widget_render, EA11y\Modules\Scanner\Classes\Utils::get_scanner_stats, EA11y\Modules\Remediation\Database\Page_Entry::get_pages, EA11y\Classes\Database\Table::select
[17-Jun-2026 07:29:38 UTC] WordPress database error Table 'local.wp_ea11y_page_scanned' doesn't exist for query SELECT * FROM wp_ea11y_page_scanned  WHERE 1 ORDER BY created_at desc LIMIT 1000 made by wp_dashboard, do_meta_boxes, EA11y\Modules\Dashboard\Widgets\Ally_Dashboard_Widget::ally_widget_render, EA11y\Modules\Scanner\Classes\Utils::get_scanner_stats, EA11y\Modules\Remediation\Database\Page_Entry::get_pages, EA11y\Classes\Database\Table::select
[19-Jun-2026 08:10:54 UTC] WordPress database error Table 'local.wp_ea11y_page_scanned' doesn't exist for query SELECT * FROM wp_ea11y_page_scanned  WHERE 1 ORDER BY created_at desc LIMIT 1000 made by wp_dashboard, do_meta_boxes, EA11y\Modules\Dashboard\Widgets\Ally_Dashboard_Widget::ally_widget_render, EA11y\Modules\Scanner\Classes\Utils::get_scanner_stats, EA11y\Modules\Remediation\Database\Page_Entry::get_pages, EA11y\Classes\Database\Table::select
[19-Jun-2026 08:26:15 UTC] WordPress database error Table 'local.wp_ea11y_page_scanned' doesn't exist for query SELECT * FROM wp_ea11y_page_scanned  WHERE 1 ORDER BY created_at desc LIMIT 1000 made by wp_dashboard, do_meta_boxes, EA11y\Modules\Dashboard\Widgets\Ally_Dashboard_Widget::ally_widget_render, EA11y\Modules\Scanner\Classes\Utils::get_scanner_stats, EA11y\Modules\Remediation\Database\Page_Entry::get_pages, EA11y\Classes\Database\Table::select
[19-Jun-2026 08:35:28 UTC] WordPress database error Table 'local.wp_ea11y_page_scanned' doesn't exist for query SELECT * FROM wp_ea11y_page_scanned  WHERE 1 ORDER BY created_at desc LIMIT 1000 made by wp_dashboard, do_meta_boxes, EA11y\Modules\Dashboard\Widgets\Ally_Dashboard_Widget::ally_widget_render, EA11y\Modules\Scanner\Classes\Utils::get_scanner_stats, EA11y\Modules\Remediation\Database\Page_Entry::get_pages, EA11y\Classes\Database\Table::select
[19-Jun-2026 09:43:07 UTC] PHP Warning:  Undefined array key 3 in C:\Users\Dino\Local Sites\bail\app\public\wp-content\plugins\duplicator\classes\ui\class.ui.screen.base.php on line 60
[19-Jun-2026 09:43:21 UTC] PHP Warning:  Undefined array key 3 in C:\Users\Dino\Local Sites\bail\app\public\wp-content\plugins\duplicator\classes\ui\class.ui.screen.base.php on line 60
[19-Jun-2026 09:44:17 UTC] PHP Warning:  Undefined array key 3 in C:\Users\Dino\Local Sites\bail\app\public\wp-content\plugins\duplicator\classes\ui\class.ui.screen.base.php on line 60
[19-Jun-2026 09:44:48 UTC] PHP Warning:  Undefined array key 3 in C:\Users\Dino\Local Sites\bail\app\public\wp-content\plugins\duplicator\classes\ui\class.ui.screen.base.php on line 60
